DEBUG main org.springframework.test.context.BootstrapUtils - Instantiating TestContextBootstrapper from class [org.springframework.test.context.support.DefaultTestContextBootstrapper]
DEBUG main org.springframework.test.context.support.DefaultTestContextBootstrapper - Found explicit ContextLoader class [org.springframework.test.context.support.AnnotationConfigContextLoader] for context configuration attributes [ContextConfigurationAttributes@3327bd23 declaringClass = 'com.jpmorgan.ib.caonpd.ethereum.enterperise.test.GethHttpUnitTest', classes = '{class com.jpmorgan.ib.caonpd.ethereum.enterperise.config.WebConfigTest}', locations = '{}', inheritLocations = true, initializers = '{}', inheritInitializers = true, name = [null], contextLoaderClass = 'org.springframework.test.context.support.AnnotationConfigContextLoader']
DEBUG main org.springframework.test.context.support.ActiveProfilesUtils - Could not find an 'annotation declaring class' for annotation type [org.springframework.test.context.ActiveProfiles] and class [com.jpmorgan.ib.caonpd.ethereum.enterperise.test.GethHttpUnitTest]
INFO main org.springframework.test.context.support.DefaultTestContextBootstrapper - Using TestExecutionListeners: [org.springframework.test.context.web.ServletTestExecutionListener@5bc79255, org.springframework.test.context.support.DependencyInjectionTestExecutionListener@47ef968d, org.springframework.test.context.support.DirtiesContextTestExecutionListener@23e028a9]
DEBUG main org.springframework.test.context.support.DependencyInjectionTestExecutionListener - Performing dependency injection for test context [[DefaultTestContext@37d31475 testClass = GethHttpUnitTest, testInstance = com.jpmorgan.ib.caonpd.ethereum.enterperise.test.GethHttpUnitTest@3fd7a715, testMethod = [null], testException = [null], mergedContextConfiguration = [MergedContextConfiguration@27808f31 testClass = GethHttpUnitTest, locations = '{}', classes = '{class com.jpmorgan.ib.caonpd.ethereum.enterperise.config.WebConfigTest}', contextInitializerClasses = '[]', activeProfiles = '{}', propertySourceLocations = '{}', propertySourceProperties = '{}', contextLoader = 'org.springframework.test.context.support.AnnotationConfigContextLoader', parent = [null]]]].
DEBUG main org.springframework.test.context.support.AbstractGenericContextLoader - Loading ApplicationContext for merged context configuration [[MergedContextConfiguration@27808f31 testClass = GethHttpUnitTest, locations = '{}', classes = '{class com.jpmorgan.ib.caonpd.ethereum.enterperise.config.WebConfigTest}', contextInitializerClasses = '[]', activeProfiles = '{}', propertySourceLocations = '{}', propertySourceProperties = '{}', contextLoader = 'org.springframework.test.context.support.AnnotationConfigContextLoader', parent = [null]]].
DEBUG main org.springframework.core.env.StandardEnvironment - Adding [systemProperties] PropertySource with lowest search precedence
DEBUG main org.springframework.core.env.StandardEnvironment - Adding [systemEnvironment] PropertySource with lowest search precedence
DEBUG main org.springframework.core.env.StandardEnvironment - Initialized StandardEnvironment with PropertySources [systemProperties,systemEnvironment]
DEBUG main org.springframework.test.context.support.AnnotationConfigContextLoader - Registering annotated classes: {class com.jpmorgan.ib.caonpd.ethereum.enterperise.config.WebConfigTest}
INFO main org.springframework.context.support.GenericApplicationContext - Refreshing org.springframework.context.support.GenericApplicationContext@4eb7f003: startup date [Thu Nov 12 14:44:06 EST 2015]; root of context hierarchy
DEBUG main org.springframework.context.support.GenericApplicationContext - Bean factory for org.springframework.context.support.GenericApplicationContext@4eb7f003: org.springframework.beans.factory.support.DefaultListableBeanFactory@2d9d4f9d: defining beans [org.springframework.context.annotation.internalConfigurationAnnotationProcessor,org.springframework.context.annotation.internalAutowiredAnnotationProcessor,org.springframework.context.annotation.internalRequiredAnnotationProcessor,org.springframework.context.annotation.internalCommonAnnotationProcessor,webConfigTest]; root of factory hierarchy
DEBUG main org.springframework.beans.factory.support.DefaultListableBeanFactory - Creating shared instance of singleton bean 'org.springframework.context.annotation.internalConfigurationAnnotationProcessor'
DEBUG main org.springframework.beans.factory.support.DefaultListableBeanFactory - Creating instance of bean 'org.springframework.context.annotation.internalConfigurationAnnotationProcessor'
DEBUG main org.springframework.beans.factory.support.DefaultListableBeanFactory - Eagerly caching bean 'org.springframework.context.annotation.internalConfigurationAnnotationProcessor' to allow for resolving potential circular references
DEBUG main org.springframework.beans.factory.support.DefaultListableBeanFactory - Finished creating instance of bean 'org.springframework.context.annotation.internalConfigurationAnnotationProcessor'
DEBUG main org.springframework.core.env.StandardEnvironment - Adding [systemProperties] PropertySource with lowest search precedence
DEBUG main org.springframework.core.env.StandardEnvironment - Adding [systemEnvironment] PropertySource with lowest search precedence
DEBUG main org.springframework.core.env.StandardEnvironment - Initialized StandardEnvironment with PropertySources [systemProperties,systemEnvironment]
DEBUG main org.springframework.context.annotation.ClassPathBeanDefinitionScanner - JSR-250 'javax.annotation.ManagedBean' found and supported for component scanning
DEBUG main org.springframework.context.annotation.ClassPathBeanDefinitionScanner - JSR-330 'javax.inject.Named' annotation found and supported for component scanning
DEBUG main org.springframework.core.io.support.PathMatchingResourcePatternResolver - Looking for matching resources in directory tree [/Users/I629630/workspace/ethereum-enterprise-dev/target/classes/com/jpmorgan/ib/caonpd/ethereum/enterperise/service]
DEBUG main org.springframework.core.io.support.PathMatchingResourcePatternResolver - Searching directory [/Users/I629630/workspace/ethereum-enterprise-dev/target/classes/com/jpmorgan/ib/caonpd/ethereum/enterperise/service] for files matching pattern [/Users/I629630/workspace/ethereum-enterprise-dev/target/classes/com/jpmorgan/ib/caonpd/ethereum/enterperise/service/**/*.class]
DEBUG main org.springframework.core.io.support.PathMatchingResourcePatternResolver - Searching directory [/Users/I629630/workspace/ethereum-enterprise-dev/target/classes/com/jpmorgan/ib/caonpd/ethereum/enterperise/service/impl] for files matching pattern [/Users/I629630/workspace/ethereum-enterprise-dev/target/classes/com/jpmorgan/ib/caonpd/ethereum/enterperise/service/**/*.class]
DEBUG main org.springframework.core.io.support.PathMatchingResourcePatternResolver - Resolved location pattern [classpath*:com/jpmorgan/ib/caonpd/ethereum/enterperise/service/**/*.class] to resources [file [/Users/I629630/workspace/ethereum-enterprise-dev/target/classes/com/jpmorgan/ib/caonpd/ethereum/enterperise/service/GethHttpService.class], file [/Users/I629630/workspace/ethereum-enterprise-dev/target/classes/com/jpmorgan/ib/caonpd/ethereum/enterperise/service/impl/GethHttpServiceImpl.class]]
DEBUG main org.springframework.context.annotation.ClassPathBeanDefinitionScanner - Identified candidate component class: file [/Users/I629630/workspace/ethereum-enterprise-dev/target/classes/com/jpmorgan/ib/caonpd/ethereum/enterperise/service/impl/GethHttpServiceImpl.class]
DEBUG main org.springframework.context.annotation.ConfigurationClassBeanDefinitionReader - Registering bean definition for @Bean method com.jpmorgan.ib.caonpd.ethereum.enterperise.config.WebConfigTest.propertySourcesPlaceholderConfigurer()
DEBUG main org.springframework.context.annotation.ConfigurationClassEnhancer - Successfully enhanced com.jpmorgan.ib.caonpd.ethereum.enterperise.config.WebConfigTest; enhanced class name is: com.jpmorgan.ib.caonpd.ethereum.enterperise.config.WebConfigTest$$EnhancerBySpringCGLIB$$feeb1f70
DEBUG main org.springframework.context.annotation.ConfigurationClassPostProcessor - Replacing bean definition 'webConfigTest' existing class name 'com.jpmorgan.ib.caonpd.ethereum.enterperise.config.WebConfigTest' with enhanced class name 'com.jpmorgan.ib.caonpd.ethereum.enterperise.config.WebConfigTest$$EnhancerBySpringCGLIB$$feeb1f70'
DEBUG main org.springframework.context.annotation.ConfigurationClassEnhancer - Successfully enhanced com.jpmorgan.ib.caonpd.ethereum.enterperise.config.WebConfigTest; enhanced class name is: com.jpmorgan.ib.caonpd.ethereum.enterperise.config.WebConfigTest$$EnhancerBySpringCGLIB$$feeb1f70
DEBUG main org.springframework.context.annotation.ConfigurationClassPostProcessor - Replacing bean definition 'propertySourcesPlaceholderConfigurer' existing class name 'com.jpmorgan.ib.caonpd.ethereum.enterperise.config.WebConfigTest' with enhanced class name 'com.jpmorgan.ib.caonpd.ethereum.enterperise.config.WebConfigTest$$EnhancerBySpringCGLIB$$feeb1f70'
DEBUG main org.springframework.beans.factory.support.DefaultListableBeanFactory - Creating shared instance of singleton bean 'propertySourcesPlaceholderConfigurer'
DEBUG main org.springframework.beans.factory.support.DefaultListableBeanFactory - Creating instance of bean 'propertySourcesPlaceholderConfigurer'
DEBUG main org.springframework.beans.factory.support.DefaultListableBeanFactory - Eagerly caching bean 'propertySourcesPlaceholderConfigurer' to allow for resolving potential circular references
DEBUG main org.springframework.beans.factory.support.DefaultListableBeanFactory - Finished creating instance of bean 'propertySourcesPlaceholderConfigurer'
DEBUG main org.springframework.core.env.MutablePropertySources - Adding [environmentProperties] PropertySource with lowest search precedence
INFO main org.springframework.context.support.PropertySourcesPlaceholderConfigurer - Loading properties file from class path resource [local/env.properties]
DEBUG main org.springframework.core.env.MutablePropertySources - Adding [localProperties] PropertySource with lowest search precedence
DEBUG main org.springframework.beans.factory.support.DefaultListableBeanFactory - Creating shared instance of singleton bean 'org.springframework.context.annotation.internalAutowiredAnnotationProcessor'
DEBUG main org.springframework.beans.factory.support.DefaultListableBeanFactory - Creating instance of bean 'org.springframework.context.annotation.internalAutowiredAnnotationProcessor'
INFO main org.springframework.beans.factory.annotation.AutowiredAnnotationBeanPostProcessor - JSR-330 'javax.inject.Inject' annotation found and supported for autowiring
DEBUG main org.springframework.beans.factory.support.DefaultListableBeanFactory - Eagerly caching bean 'org.springframework.context.annotation.internalAutowiredAnnotationProcessor' to allow for resolving potential circular references
DEBUG main org.springframework.beans.factory.support.DefaultListableBeanFactory - Finished creating instance of bean 'org.springframework.context.annotation.internalAutowiredAnnotationProcessor'
DEBUG main org.springframework.beans.factory.support.DefaultListableBeanFactory - Creating shared instance of singleton bean 'org.springframework.context.annotation.internalRequiredAnnotationProcessor'
DEBUG main org.springframework.beans.factory.support.DefaultListableBeanFactory - Creating instance of bean 'org.springframework.context.annotation.internalRequiredAnnotationProcessor'
DEBUG main org.springframework.beans.factory.support.DefaultListableBeanFactory - Eagerly caching bean 'org.springframework.context.annotation.internalRequiredAnnotationProcessor' to allow for resolving potential circular references
DEBUG main org.springframework.beans.factory.support.DefaultListableBeanFactory - Finished creating instance of bean 'org.springframework.context.annotation.internalRequiredAnnotationProcessor'
DEBUG main org.springframework.beans.factory.support.DefaultListableBeanFactory - Creating shared instance of singleton bean 'org.springframework.context.annotation.internalCommonAnnotationProcessor'
DEBUG main org.springframework.beans.factory.support.DefaultListableBeanFactory - Creating instance of bean 'org.springframework.context.annotation.internalCommonAnnotationProcessor'
DEBUG main org.springframework.beans.factory.support.DefaultListableBeanFactory - Eagerly caching bean 'org.springframework.context.annotation.internalCommonAnnotationProcessor' to allow for resolving potential circular references
DEBUG main org.springframework.beans.factory.support.DefaultListableBeanFactory - Finished creating instance of bean 'org.springframework.context.annotation.internalCommonAnnotationProcessor'
DEBUG main org.springframework.beans.factory.support.DefaultListableBeanFactory - Creating shared instance of singleton bean 'org.springframework.context.annotation.ConfigurationClassPostProcessor.importAwareProcessor'
DEBUG main org.springframework.beans.factory.support.DefaultListableBeanFactory - Creating instance of bean 'org.springframework.context.annotation.ConfigurationClassPostProcessor.importAwareProcessor'
DEBUG main org.springframework.beans.factory.support.DefaultListableBeanFactory - Eagerly caching bean 'org.springframework.context.annotation.ConfigurationClassPostProcessor.importAwareProcessor' to allow for resolving potential circular references
DEBUG main org.springframework.beans.factory.support.DefaultListableBeanFactory - Finished creating instance of bean 'org.springframework.context.annotation.ConfigurationClassPostProcessor.importAwareProcessor'
DEBUG main org.springframework.beans.factory.support.DefaultListableBeanFactory - Creating shared instance of singleton bean 'org.springframework.context.annotation.ConfigurationClassPostProcessor.enhancedConfigurationProcessor'
DEBUG main org.springframework.beans.factory.support.DefaultListableBeanFactory - Creating instance of bean 'org.springframework.context.annotation.ConfigurationClassPostProcessor.enhancedConfigurationProcessor'
DEBUG main org.springframework.beans.factory.support.DefaultListableBeanFactory - Eagerly caching bean 'org.springframework.context.annotation.ConfigurationClassPostProcessor.enhancedConfigurationProcessor' to allow for resolving potential circular references
DEBUG main org.springframework.beans.factory.support.DefaultListableBeanFactory - Finished creating instance of bean 'org.springframework.context.annotation.ConfigurationClassPostProcessor.enhancedConfigurationProcessor'
DEBUG main org.springframework.context.support.GenericApplicationContext - Unable to locate MessageSource with name 'messageSource': using default [org.springframework.context.support.DelegatingMessageSource@40a4337a]
DEBUG main org.springframework.context.support.GenericApplicationContext - Unable to locate ApplicationEventMulticaster with name 'applicationEventMulticaster': using default [org.springframework.context.event.SimpleApplicationEventMulticaster@815b41f]
DEBUG main org.springframework.beans.factory.support.DefaultListableBeanFactory - Pre-instantiating singletons in org.springframework.beans.factory.support.DefaultListableBeanFactory@2d9d4f9d: defining beans [org.springframework.context.annotation.internalConfigurationAnnotationProcessor,org.springframework.context.annotation.internalAutowiredAnnotationProcessor,org.springframework.context.annotation.internalRequiredAnnotationProcessor,org.springframework.context.annotation.internalCommonAnnotationProcessor,webConfigTest,org.springframework.context.annotation.ConfigurationClassPostProcessor.importAwareProcessor,org.springframework.context.annotation.ConfigurationClassPostProcessor.enhancedConfigurationProcessor,gethHttpServiceImpl,propertySourcesPlaceholderConfigurer]; root of factory hierarchy
DEBUG main org.springframework.beans.factory.support.DefaultListableBeanFactory - Returning cached instance of singleton bean 'org.springframework.context.annotation.internalConfigurationAnnotationProcessor'
DEBUG main org.springframework.beans.factory.support.DefaultListableBeanFactory - Returning cached instance of singleton bean 'org.springframework.context.annotation.internalAutowiredAnnotationProcessor'
DEBUG main org.springframework.beans.factory.support.DefaultListableBeanFactory - Returning cached instance of singleton bean 'org.springframework.context.annotation.internalRequiredAnnotationProcessor'
DEBUG main org.springframework.beans.factory.support.DefaultListableBeanFactory - Returning cached instance of singleton bean 'org.springframework.context.annotation.internalCommonAnnotationProcessor'
DEBUG main org.springframework.beans.factory.support.DefaultListableBeanFactory - Creating shared instance of singleton bean 'webConfigTest'
DEBUG main org.springframework.beans.factory.support.DefaultListableBeanFactory - Creating instance of bean 'webConfigTest'
DEBUG main org.springframework.beans.factory.support.DefaultListableBeanFactory - Eagerly caching bean 'webConfigTest' to allow for resolving potential circular references
DEBUG main org.springframework.beans.factory.support.DefaultListableBeanFactory - Finished creating instance of bean 'webConfigTest'
DEBUG main org.springframework.beans.factory.support.DefaultListableBeanFactory - Returning cached instance of singleton bean 'org.springframework.context.annotation.ConfigurationClassPostProcessor.importAwareProcessor'
DEBUG main org.springframework.beans.factory.support.DefaultListableBeanFactory - Returning cached instance of singleton bean 'org.springframework.context.annotation.ConfigurationClassPostProcessor.enhancedConfigurationProcessor'
DEBUG main org.springframework.beans.factory.support.DefaultListableBeanFactory - Creating shared instance of singleton bean 'gethHttpServiceImpl'
DEBUG main org.springframework.beans.factory.support.DefaultListableBeanFactory - Creating instance of bean 'gethHttpServiceImpl'
DEBUG main org.springframework.beans.factory.annotation.InjectionMetadata - Registered injected element on class [com.jpmorgan.ib.caonpd.ethereum.enterperise.service.impl.GethHttpServiceImpl]: AutowiredFieldElement for private java.lang.String com.jpmorgan.ib.caonpd.ethereum.enterperise.service.impl.GethHttpServiceImpl.url
DEBUG main org.springframework.beans.factory.annotation.InjectionMetadata - Registered injected element on class [com.jpmorgan.ib.caonpd.ethereum.enterperise.service.impl.GethHttpServiceImpl]: AutowiredFieldElement for private java.lang.String com.jpmorgan.ib.caonpd.ethereum.enterperise.service.impl.GethHttpServiceImpl.networkid
DEBUG main org.springframework.beans.factory.annotation.InjectionMetadata - Registered injected element on class [com.jpmorgan.ib.caonpd.ethereum.enterperise.service.impl.GethHttpServiceImpl]: AutowiredFieldElement for private java.lang.String com.jpmorgan.ib.caonpd.ethereum.enterperise.service.impl.GethHttpServiceImpl.datadir
DEBUG main org.springframework.beans.factory.annotation.InjectionMetadata - Registered injected element on class [com.jpmorgan.ib.caonpd.ethereum.enterperise.service.impl.GethHttpServiceImpl]: AutowiredFieldElement for private java.lang.String com.jpmorgan.ib.caonpd.ethereum.enterperise.service.impl.GethHttpServiceImpl.rpcport
DEBUG main org.springframework.beans.factory.annotation.InjectionMetadata - Registered injected element on class [com.jpmorgan.ib.caonpd.ethereum.enterperise.service.impl.GethHttpServiceImpl]: AutowiredFieldElement for private java.lang.String com.jpmorgan.ib.caonpd.ethereum.enterperise.service.impl.GethHttpServiceImpl.rpcApiList
DEBUG main org.springframework.beans.factory.annotation.InjectionMetadata - Registered injected element on class [com.jpmorgan.ib.caonpd.ethereum.enterperise.service.impl.GethHttpServiceImpl]: AutowiredFieldElement for private java.lang.String com.jpmorgan.ib.caonpd.ethereum.enterperise.service.impl.GethHttpServiceImpl.logdir
DEBUG main org.springframework.beans.factory.support.DefaultListableBeanFactory - Eagerly caching bean 'gethHttpServiceImpl' to allow for resolving potential circular references
DEBUG main org.springframework.beans.factory.annotation.InjectionMetadata - Processing injected method of bean 'gethHttpServiceImpl': AutowiredFieldElement for private java.lang.String com.jpmorgan.ib.caonpd.ethereum.enterperise.service.impl.GethHttpServiceImpl.url
DEBUG main org.springframework.core.env.PropertySourcesPropertyResolver - Searching for key 'geth.url' in [environmentProperties]
DEBUG main org.springframework.core.env.PropertySourcesPropertyResolver - Searching for key 'geth.url' in [systemProperties]
DEBUG main org.springframework.core.env.PropertySourcesPropertyResolver - Searching for key 'geth.url' in [systemEnvironment]
DEBUG main org.springframework.core.env.PropertySourcesPropertyResolver - Could not find key 'geth.url' in any property source. Returning [null]
DEBUG main org.springframework.core.env.PropertySourcesPropertyResolver - Searching for key 'geth.url' in [localProperties]
DEBUG main org.springframework.core.env.PropertySourcesPropertyResolver - Found key 'geth.url' in [localProperties] with type [String] and value 'http://localhost:8102'
DEBUG main org.springframework.beans.factory.annotation.InjectionMetadata - Processing injected method of bean 'gethHttpServiceImpl': AutowiredFieldElement for private java.lang.String com.jpmorgan.ib.caonpd.ethereum.enterperise.service.impl.GethHttpServiceImpl.networkid
DEBUG main org.springframework.core.env.PropertySourcesPropertyResolver - Searching for key 'geth.networkid' in [environmentProperties]
DEBUG main org.springframework.core.env.PropertySourcesPropertyResolver - Searching for key 'geth.networkid' in [systemProperties]
DEBUG main org.springframework.core.env.PropertySourcesPropertyResolver - Searching for key 'geth.networkid' in [systemEnvironment]
DEBUG main org.springframework.core.env.PropertySourcesPropertyResolver - Could not find key 'geth.networkid' in any property source. Returning [null]
DEBUG main org.springframework.core.env.PropertySourcesPropertyResolver - Searching for key 'geth.networkid' in [localProperties]
DEBUG main org.springframework.core.env.PropertySourcesPropertyResolver - Found key 'geth.networkid' in [localProperties] with type [String] and value '1006'
DEBUG main org.springframework.beans.factory.annotation.InjectionMetadata - Processing injected method of bean 'gethHttpServiceImpl': AutowiredFieldElement for private java.lang.String com.jpmorgan.ib.caonpd.ethereum.enterperise.service.impl.GethHttpServiceImpl.datadir
DEBUG main org.springframework.core.env.PropertySourcesPropertyResolver - Searching for key 'geth.datadir' in [environmentProperties]
DEBUG main org.springframework.core.env.PropertySourcesPropertyResolver - Searching for key 'geth.datadir' in [systemProperties]
DEBUG main org.springframework.core.env.PropertySourcesPropertyResolver - Searching for key 'geth.datadir' in [systemEnvironment]
DEBUG main org.springframework.core.env.PropertySourcesPropertyResolver - Could not find key 'geth.datadir' in any property source. Returning [null]
DEBUG main org.springframework.core.env.PropertySourcesPropertyResolver - Searching for key 'geth.datadir' in [localProperties]
DEBUG main org.springframework.core.env.PropertySourcesPropertyResolver - Found key 'geth.datadir' in [localProperties] with type [String] and value '/.ethereum'
DEBUG main org.springframework.beans.factory.annotation.InjectionMetadata - Processing injected method of bean 'gethHttpServiceImpl': AutowiredFieldElement for private java.lang.String com.jpmorgan.ib.caonpd.ethereum.enterperise.service.impl.GethHttpServiceImpl.rpcport
DEBUG main org.springframework.core.env.PropertySourcesPropertyResolver - Searching for key 'geth.rpcport' in [environmentProperties]
DEBUG main org.springframework.core.env.PropertySourcesPropertyResolver - Searching for key 'geth.rpcport' in [systemProperties]
DEBUG main org.springframework.core.env.PropertySourcesPropertyResolver - Searching for key 'geth.rpcport' in [systemEnvironment]
DEBUG main org.springframework.core.env.PropertySourcesPropertyResolver - Could not find key 'geth.rpcport' in any property source. Returning [null]
DEBUG main org.springframework.core.env.PropertySourcesPropertyResolver - Searching for key 'geth.rpcport' in [localProperties]
DEBUG main org.springframework.core.env.PropertySourcesPropertyResolver - Found key 'geth.rpcport' in [localProperties] with type [String] and value '8102'
DEBUG main org.springframework.beans.factory.annotation.InjectionMetadata - Processing injected method of bean 'gethHttpServiceImpl': AutowiredFieldElement for private java.lang.String com.jpmorgan.ib.caonpd.ethereum.enterperise.service.impl.GethHttpServiceImpl.rpcApiList
DEBUG main org.springframework.core.env.PropertySourcesPropertyResolver - Searching for key 'geth.rpcapi.list' in [environmentProperties]
DEBUG main org.springframework.core.env.PropertySourcesPropertyResolver - Searching for key 'geth.rpcapi.list' in [systemProperties]
DEBUG main org.springframework.core.env.PropertySourcesPropertyResolver - Searching for key 'geth.rpcapi.list' in [systemEnvironment]
DEBUG main org.springframework.core.env.PropertySourcesPropertyResolver - Could not find key 'geth.rpcapi.list' in any property source. Returning [null]
DEBUG main org.springframework.core.env.PropertySourcesPropertyResolver - Searching for key 'geth.rpcapi.list' in [localProperties]
DEBUG main org.springframework.core.env.PropertySourcesPropertyResolver - Found key 'geth.rpcapi.list' in [localProperties] with type [String] and value 'admin,db,eth,debug,miner,net,shh,txpool,personal,web3'
DEBUG main org.springframework.beans.factory.annotation.InjectionMetadata - Processing injected method of bean 'gethHttpServiceImpl': AutowiredFieldElement for private java.lang.String com.jpmorgan.ib.caonpd.ethereum.enterperise.service.impl.GethHttpServiceImpl.logdir
DEBUG main org.springframework.core.env.PropertySourcesPropertyResolver - Searching for key 'geth.log' in [environmentProperties]
DEBUG main org.springframework.core.env.PropertySourcesPropertyResolver - Searching for key 'geth.log' in [systemProperties]
DEBUG main org.springframework.core.env.PropertySourcesPropertyResolver - Searching for key 'geth.log' in [systemEnvironment]
DEBUG main org.springframework.core.env.PropertySourcesPropertyResolver - Could not find key 'geth.log' in any property source. Returning [null]
DEBUG main org.springframework.core.env.PropertySourcesPropertyResolver - Searching for key 'geth.log' in [localProperties]
DEBUG main org.springframework.core.env.PropertySourcesPropertyResolver - Found key 'geth.log' in [localProperties] with type [String] and value '/logs'
DEBUG main org.springframework.beans.factory.support.DefaultListableBeanFactory - Finished creating instance of bean 'gethHttpServiceImpl'
DEBUG main org.springframework.beans.factory.support.DefaultListableBeanFactory - Returning cached instance of singleton bean 'propertySourcesPlaceholderConfigurer'
DEBUG main org.springframework.context.support.GenericApplicationContext - Unable to locate LifecycleProcessor with name 'lifecycleProcessor': using default [org.springframework.context.support.DefaultLifecycleProcessor@707194ba]
DEBUG main org.springframework.beans.factory.support.DefaultListableBeanFactory - Returning cached instance of singleton bean 'lifecycleProcessor'
DEBUG main org.springframework.core.env.PropertySourcesPropertyResolver - Searching for key 'spring.liveBeansView.mbeanDomain' in [systemProperties]
DEBUG main org.springframework.core.env.PropertySourcesPropertyResolver - Searching for key 'spring.liveBeansView.mbeanDomain' in [systemEnvironment]
DEBUG main org.springframework.core.env.PropertySourcesPropertyResolver - Could not find key 'spring.liveBeansView.mbeanDomain' in any property source. Returning [null]
DEBUG main org.springframework.test.context.DefaultCacheAwareContextLoaderDelegate - Storing ApplicationContext in cache under key [[MergedContextConfiguration@27808f31 testClass = GethHttpUnitTest, locations = '{}', classes = '{class com.jpmorgan.ib.caonpd.ethereum.enterperise.config.WebConfigTest}', contextInitializerClasses = '[]', activeProfiles = '{}', propertySourceLocations = '{}', propertySourceProperties = '{}', contextLoader = 'org.springframework.test.context.support.AnnotationConfigContextLoader', parent = [null]]]
DEBUG main org.springframework.test.context.cache - Spring test ApplicationContext cache statistics: [ContextCache@f79e size = 1, hitCount = 0, missCount = 1, parentContextCount = 0]
DEBUG main org.springframework.beans.factory.annotation.InjectionMetadata - Processing injected method of bean 'com.jpmorgan.ib.caonpd.ethereum.enterperise.test.GethHttpUnitTest': AutowiredFieldElement for private com.jpmorgan.ib.caonpd.ethereum.enterperise.service.GethHttpService com.jpmorgan.ib.caonpd.ethereum.enterperise.test.GethHttpUnitTest.service
DEBUG main org.springframework.beans.factory.support.DefaultListableBeanFactory - Returning cached instance of singleton bean 'gethHttpServiceImpl'
DEBUG main org.springframework.beans.factory.annotation.AutowiredAnnotationBeanPostProcessor - Autowiring by type from bean name 'com.jpmorgan.ib.caonpd.ethereum.enterperise.test.GethHttpUnitTest' to bean named 'gethHttpServiceImpl'
INFO main com.jpmorgan.ib.caonpd.ethereum.enterperise.service.impl.GethHttpServiceImpl - Starting *nix
DEBUG main org.springframework.test.context.support.DirtiesContextTestExecutionListener - After test method: context [DefaultTestContext@37d31475 testClass = GethHttpUnitTest, testInstance = com.jpmorgan.ib.caonpd.ethereum.enterperise.test.GethHttpUnitTest@3fd7a715, testMethod = testStart@GethHttpUnitTest, testException = [null], mergedContextConfiguration = [MergedContextConfiguration@27808f31 testClass = GethHttpUnitTest, locations = '{}', classes = '{class com.jpmorgan.ib.caonpd.ethereum.enterperise.config.WebConfigTest}', contextInitializerClasses = '[]', activeProfiles = '{}', propertySourceLocations = '{}', propertySourceProperties = '{}', contextLoader = 'org.springframework.test.context.support.AnnotationConfigContextLoader', parent = [null]]], class dirties context [false], class mode [null], method dirties context [false].
DEBUG main org.springframework.web.client.RestTemplate - Created POST request for "http://localhost:8102"
DEBUG main org.springframework.web.client.RestTemplate - Setting request Accept header to [text/plain, application/json, application/*+json, */*]
DEBUG main org.springframework.web.client.RestTemplate - Writing [{"jsonrpc":"2.0","method":"admin_peers","params":[" "],"id":"id"}] as "application/json" using [org.springframework.http.converter.StringHttpMessageConverter@3646a422]
DEBUG main org.springframework.web.client.RestTemplate - POST request for "http://localhost:8102" resulted in 200 (OK)
DEBUG main org.springframework.web.client.RestTemplate - Reading [java.lang.String] as "application/json" using [org.springframework.http.converter.StringHttpMessageConverter@3646a422]
DEBUG main org.springframework.test.context.support.DirtiesContextTestExecutionListener - After test method: context [DefaultTestContext@37d31475 testClass = GethHttpUnitTest, testInstance = com.jpmorgan.ib.caonpd.ethereum.enterperise.test.GethHttpUnitTest@3fd7a715, testMethod = testService@GethHttpUnitTest, testException = [null], mergedContextConfiguration = [MergedContextConfiguration@27808f31 testClass = GethHttpUnitTest, locations = '{}', classes = '{class com.jpmorgan.ib.caonpd.ethereum.enterperise.config.WebConfigTest}', contextInitializerClasses = '[]', activeProfiles = '{}', propertySourceLocations = '{}', propertySourceProperties = '{}', contextLoader = 'org.springframework.test.context.support.AnnotationConfigContextLoader', parent = [null]]], class dirties context [false], class mode [null], method dirties context [false].
DEBUG main org.springframework.test.context.support.DirtiesContextTestExecutionListener - After test class: context [DefaultTestContext@37d31475 testClass = GethHttpUnitTest, testInstance = [null], testMethod = [null], testException = [null], mergedContextConfiguration = [MergedContextConfiguration@27808f31 testClass = GethHttpUnitTest, locations = '{}', classes = '{class com.jpmorgan.ib.caonpd.ethereum.enterperise.config.WebConfigTest}', contextInitializerClasses = '[]', activeProfiles = '{}', propertySourceLocations = '{}', propertySourceProperties = '{}', contextLoader = 'org.springframework.test.context.support.AnnotationConfigContextLoader', parent = [null]]], dirtiesContext [false].
INFO Thread-0 org.springframework.context.support.GenericApplicationContext - Closing org.springframework.context.support.GenericApplicationContext@4eb7f003: startup date [Thu Nov 12 14:44:06 EST 2015]; root of context hierarchy
DEBUG Thread-0 org.springframework.beans.factory.support.DefaultListableBeanFactory - Returning cached instance of singleton bean 'lifecycleProcessor'
DEBUG Thread-0 org.springframework.beans.factory.support.DefaultListableBeanFactory - Destroying singletons in org.springframework.beans.factory.support.DefaultListableBeanFactory@2d9d4f9d: defining beans [org.springframework.context.annotation.internalConfigurationAnnotationProcessor,org.springframework.context.annotation.internalAutowiredAnnotationProcessor,org.springframework.context.annotation.internalRequiredAnnotationProcessor,org.springframework.context.annotation.internalCommonAnnotationProcessor,webConfigTest,org.springframework.context.annotation.ConfigurationClassPostProcessor.importAwareProcessor,org.springframework.context.annotation.ConfigurationClassPostProcessor.enhancedConfigurationProcessor,gethHttpServiceImpl,propertySourcesPlaceholderConfigurer]; root of factory hierarchy
DEBUG Thread-0 org.springframework.beans.factory.support.DefaultListableBeanFactory - Retrieved dependent beans for bean 'gethHttpServiceImpl': [com.jpmorgan.ib.caonpd.ethereum.enterperise.test.GethHttpUnitTest]
DEBUG Thread-0 org.springframework.beans.factory.support.DisposableBeanAdapter - Invoking destroy() on bean with name 'webConfigTest'
INFO main org.springframework.test.context.support.DefaultTestContextBootstrapper - Using TestExecutionListeners: [org.springframework.test.context.web.ServletTestExecutionListener@731a74c, org.springframework.test.context.support.DependencyInjectionTestExecutionListener@369f73a2, org.springframework.test.context.support.DirtiesContextTestExecutionListener@1f28c152]
INFO main org.springframework.context.support.GenericApplicationContext - Refreshing org.springframework.context.support.GenericApplicationContext@5ed828d: startup date [Thu Nov 12 14:44:39 EST 2015]; root of context hierarchy
INFO main org.springframework.context.support.PropertySourcesPlaceholderConfigurer - Loading properties file from class path resource [local/env.properties]
INFO main org.springframework.beans.factory.annotation.AutowiredAnnotationBeanPostProcessor - JSR-330 'javax.inject.Inject' annotation found and supported for autowiring
INFO main com.jpmorgan.ib.caonpd.ethereum.enterperise.service.impl.GethHttpServiceImpl - Starting *nix
INFO Thread-0 org.springframework.context.support.GenericApplicationContext - Closing org.springframework.context.support.GenericApplicationContext@5ed828d: startup date [Thu Nov 12 14:44:39 EST 2015]; root of context hierarchy
INFO main org.springframework.test.context.support.DefaultTestContextBootstrapper - Using TestExecutionListeners: [org.springframework.test.context.web.ServletTestExecutionListener@731a74c, org.springframework.test.context.support.DependencyInjectionTestExecutionListener@369f73a2, org.springframework.test.context.support.DirtiesContextTestExecutionListener@1f28c152]
INFO main org.springframework.context.support.GenericApplicationContext - Refreshing org.springframework.context.support.GenericApplicationContext@5ed828d: startup date [Thu Nov 12 14:51:26 EST 2015]; root of context hierarchy
INFO main org.springframework.context.support.PropertySourcesPlaceholderConfigurer - Loading properties file from class path resource [local/env.properties]
INFO main org.springframework.beans.factory.annotation.AutowiredAnnotationBeanPostProcessor - JSR-330 'javax.inject.Inject' annotation found and supported for autowiring
INFO main com.jpmorgan.ib.caonpd.ethereum.enterperise.service.impl.GethHttpServiceImpl - Starting *nix
INFO Thread-0 org.springframework.context.support.GenericApplicationContext - Closing org.springframework.context.support.GenericApplicationContext@5ed828d: startup date [Thu Nov 12 14:51:26 EST 2015]; root of context hierarchy
INFO main org.springframework.test.context.support.DefaultTestContextBootstrapper - Using TestExecutionListeners: [org.springframework.test.context.web.ServletTestExecutionListener@731a74c, org.springframework.test.context.support.DependencyInjectionTestExecutionListener@369f73a2, org.springframework.test.context.support.DirtiesContextTestExecutionListener@1f28c152]
INFO main org.springframework.context.support.GenericApplicationContext - Refreshing org.springframework.context.support.GenericApplicationContext@5ed828d: startup date [Thu Nov 12 14:53:43 EST 2015]; root of context hierarchy
INFO main org.springframework.context.support.PropertySourcesPlaceholderConfigurer - Loading properties file from class path resource [local/env.properties]
INFO main org.springframework.beans.factory.annotation.AutowiredAnnotationBeanPostProcessor - JSR-330 'javax.inject.Inject' annotation found and supported for autowiring
INFO main com.jpmorgan.ib.caonpd.ethereum.enterperise.service.impl.GethHttpServiceImpl - Starting *nix
INFO Thread-0 org.springframework.context.support.GenericApplicationContext - Closing org.springframework.context.support.GenericApplicationContext@5ed828d: startup date [Thu Nov 12 14:53:43 EST 2015]; root of context hierarchy
INFO main org.springframework.test.context.support.DefaultTestContextBootstrapper - Using TestExecutionListeners: [org.springframework.test.context.web.ServletTestExecutionListener@731a74c, org.springframework.test.context.support.DependencyInjectionTestExecutionListener@369f73a2, org.springframework.test.context.support.DirtiesContextTestExecutionListener@1f28c152]
INFO main org.springframework.context.support.GenericApplicationContext - Refreshing org.springframework.context.support.GenericApplicationContext@5ed828d: startup date [Thu Nov 12 14:56:44 EST 2015]; root of context hierarchy
INFO main org.springframework.context.support.PropertySourcesPlaceholderConfigurer - Loading properties file from class path resource [local/env.properties]
INFO main org.springframework.beans.factory.annotation.AutowiredAnnotationBeanPostProcessor - JSR-330 'javax.inject.Inject' annotation found and supported for autowiring
INFO main com.jpmorgan.ib.caonpd.ethereum.enterperise.service.impl.GethHttpServiceImpl - Starting *nix
INFO Thread-0 org.springframework.context.support.GenericApplicationContext - Closing org.springframework.context.support.GenericApplicationContext@5ed828d: startup date [Thu Nov 12 14:56:44 EST 2015]; root of context hierarchy
INFO main org.springframework.test.context.support.DefaultTestContextBootstrapper - Using TestExecutionListeners: [org.springframework.test.context.web.ServletTestExecutionListener@731a74c, org.springframework.test.context.support.DependencyInjectionTestExecutionListener@369f73a2, org.springframework.test.context.support.DirtiesContextTestExecutionListener@1f28c152]
INFO main org.springframework.context.support.GenericApplicationContext - Refreshing org.springframework.context.support.GenericApplicationContext@5ed828d: startup date [Thu Nov 12 14:59:51 EST 2015]; root of context hierarchy
INFO main org.springframework.context.support.PropertySourcesPlaceholderConfigurer - Loading properties file from class path resource [local/env.properties]
INFO main org.springframework.beans.factory.annotation.AutowiredAnnotationBeanPostProcessor - JSR-330 'javax.inject.Inject' annotation found and supported for autowiring
INFO main com.jpmorgan.ib.caonpd.ethereum.enterperise.service.impl.GethHttpServiceImpl - Starting *nix
INFO Thread-0 org.springframework.context.support.GenericApplicationContext - Closing org.springframework.context.support.GenericApplicationContext@5ed828d: startup date [Thu Nov 12 14:59:51 EST 2015]; root of context hierarchy
INFO main org.springframework.test.context.support.DefaultTestContextBootstrapper - Using TestExecutionListeners: [org.springframework.test.context.web.ServletTestExecutionListener@731a74c, org.springframework.test.context.support.DependencyInjectionTestExecutionListener@369f73a2, org.springframework.test.context.support.DirtiesContextTestExecutionListener@1f28c152]
INFO main org.springframework.context.support.GenericApplicationContext - Refreshing org.springframework.context.support.GenericApplicationContext@50d0686: startup date [Thu Nov 12 15:49:14 EST 2015]; root of context hierarchy
INFO main org.springframework.context.support.PropertySourcesPlaceholderConfigurer - Loading properties file from class path resource [local/env.properties]
INFO main org.springframework.beans.factory.annotation.AutowiredAnnotationBeanPostProcessor - JSR-330 'javax.inject.Inject' annotation found and supported for autowiring
INFO main com.jpmorgan.ib.caonpd.ethereum.enterperise.service.impl.GethHttpServiceImpl - Starting *nix
INFO Thread-0 org.springframework.context.support.GenericApplicationContext - Closing org.springframework.context.support.GenericApplicationContext@50d0686: startup date [Thu Nov 12 15:49:14 EST 2015]; root of context hierarchy
INFO main org.springframework.test.context.support.DefaultTestContextBootstrapper - Using TestExecutionListeners: [org.springframework.test.context.web.ServletTestExecutionListener@731a74c, org.springframework.test.context.support.DependencyInjectionTestExecutionListener@369f73a2, org.springframework.test.context.support.DirtiesContextTestExecutionListener@1f28c152]
INFO main org.springframework.context.support.GenericApplicationContext - Refreshing org.springframework.context.support.GenericApplicationContext@50d0686: startup date [Thu Nov 12 15:53:01 EST 2015]; root of context hierarchy
INFO main org.springframework.context.support.PropertySourcesPlaceholderConfigurer - Loading properties file from class path resource [local/env.properties]
INFO main org.springframework.beans.factory.annotation.AutowiredAnnotationBeanPostProcessor - JSR-330 'javax.inject.Inject' annotation found and supported for autowiring
INFO main com.jpmorgan.ib.caonpd.ethereum.enterperise.service.impl.GethHttpServiceImpl - Starting *nix
INFO Thread-0 org.springframework.context.support.GenericApplicationContext - Closing org.springframework.context.support.GenericApplicationContext@50d0686: startup date [Thu Nov 12 15:53:01 EST 2015]; root of context hierarchy
INFO main org.springframework.test.context.support.DefaultTestContextBootstrapper - Using TestExecutionListeners: [org.springframework.test.context.web.ServletTestExecutionListener@731a74c, org.springframework.test.context.support.DependencyInjectionTestExecutionListener@369f73a2, org.springframework.test.context.support.DirtiesContextTestExecutionListener@1f28c152]
INFO main org.springframework.context.support.GenericApplicationContext - Refreshing org.springframework.context.support.GenericApplicationContext@50d0686: startup date [Thu Nov 12 15:58:30 EST 2015]; root of context hierarchy
INFO main org.springframework.context.support.PropertySourcesPlaceholderConfigurer - Loading properties file from class path resource [local/env.properties]
INFO main org.springframework.beans.factory.annotation.AutowiredAnnotationBeanPostProcessor - JSR-330 'javax.inject.Inject' annotation found and supported for autowiring
INFO main com.jpmorgan.ib.caonpd.ethereum.enterperise.service.impl.GethHttpServiceImpl - Starting *nix
INFO Thread-0 org.springframework.context.support.GenericApplicationContext - Closing org.springframework.context.support.GenericApplicationContext@50d0686: startup date [Thu Nov 12 15:58:30 EST 2015]; root of context hierarchy
INFO main org.springframework.test.context.support.DefaultTestContextBootstrapper - Using TestExecutionListeners: [org.springframework.test.context.web.ServletTestExecutionListener@1534f01b, org.springframework.test.context.support.DependencyInjectionTestExecutionListener@78e117e3, org.springframework.test.context.support.DirtiesContextTestExecutionListener@2ea227af]
INFO main org.springframework.context.support.GenericApplicationContext - Refreshing org.springframework.context.support.GenericApplicationContext@3c19aaa5: startup date [Thu Nov 12 16:00:21 EST 2015]; root of context hierarchy
INFO main org.springframework.context.support.PropertySourcesPlaceholderConfigurer - Loading properties file from class path resource [local/env.properties]
INFO main org.springframework.beans.factory.annotation.AutowiredAnnotationBeanPostProcessor - JSR-330 'javax.inject.Inject' annotation found and supported for autowiring
INFO main com.jpmorgan.ib.caonpd.ethereum.enterperise.service.impl.GethHttpServiceImpl - Starting *nix
INFO Thread-0 org.springframework.context.support.GenericApplicationContext - Closing org.springframework.context.support.GenericApplicationContext@3c19aaa5: startup date [Thu Nov 12 16:00:21 EST 2015]; root of context hierarchy
INFO main org.springframework.test.context.support.DefaultTestContextBootstrapper - Using TestExecutionListeners: [org.springframework.test.context.web.ServletTestExecutionListener@1534f01b, org.springframework.test.context.support.DependencyInjectionTestExecutionListener@78e117e3, org.springframework.test.context.support.DirtiesContextTestExecutionListener@2ea227af]
INFO main org.springframework.context.support.GenericApplicationContext - Refreshing org.springframework.context.support.GenericApplicationContext@3c19aaa5: startup date [Thu Nov 12 16:02:03 EST 2015]; root of context hierarchy
INFO main org.springframework.context.support.PropertySourcesPlaceholderConfigurer - Loading properties file from class path resource [local/env.properties]
INFO main org.springframework.beans.factory.annotation.AutowiredAnnotationBeanPostProcessor - JSR-330 'javax.inject.Inject' annotation found and supported for autowiring
INFO main com.jpmorgan.ib.caonpd.ethereum.enterperise.service.impl.GethHttpServiceImpl - Starting *nix
INFO Thread-0 org.springframework.context.support.GenericApplicationContext - Closing org.springframework.context.support.GenericApplicationContext@3c19aaa5: startup date [Thu Nov 12 16:02:03 EST 2015]; root of context hierarchy
INFO main org.springframework.test.context.support.DefaultTestContextBootstrapper - Using TestExecutionListeners: [org.springframework.test.context.web.ServletTestExecutionListener@1534f01b, org.springframework.test.context.support.DependencyInjectionTestExecutionListener@78e117e3, org.springframework.test.context.support.DirtiesContextTestExecutionListener@2ea227af]
INFO main org.springframework.context.support.GenericApplicationContext - Refreshing org.springframework.context.support.GenericApplicationContext@3c19aaa5: startup date [Thu Nov 12 16:04:07 EST 2015]; root of context hierarchy
INFO main org.springframework.context.support.PropertySourcesPlaceholderConfigurer - Loading properties file from class path resource [local/env.properties]
INFO main org.springframework.beans.factory.annotation.AutowiredAnnotationBeanPostProcessor - JSR-330 'javax.inject.Inject' annotation found and supported for autowiring
INFO main com.jpmorgan.ib.caonpd.ethereum.enterperise.service.impl.GethHttpServiceImpl - Starting *nix
INFO Thread-0 org.springframework.context.support.GenericApplicationContext - Closing org.springframework.context.support.GenericApplicationContext@3c19aaa5: startup date [Thu Nov 12 16:04:07 EST 2015]; root of context hierarchy
INFO main org.springframework.test.context.support.DefaultTestContextBootstrapper - Using TestExecutionListeners: [org.springframework.test.context.web.ServletTestExecutionListener@1534f01b, org.springframework.test.context.support.DependencyInjectionTestExecutionListener@78e117e3, org.springframework.test.context.support.DirtiesContextTestExecutionListener@2ea227af]
INFO main org.springframework.context.support.GenericApplicationContext - Refreshing org.springframework.context.support.GenericApplicationContext@3c19aaa5: startup date [Thu Nov 12 16:05:02 EST 2015]; root of context hierarchy
INFO main org.springframework.context.support.PropertySourcesPlaceholderConfigurer - Loading properties file from class path resource [local/env.properties]
INFO main org.springframework.beans.factory.annotation.AutowiredAnnotationBeanPostProcessor - JSR-330 'javax.inject.Inject' annotation found and supported for autowiring
INFO main com.jpmorgan.ib.caonpd.ethereum.enterperise.service.impl.GethHttpServiceImpl - Starting *nix
INFO Thread-0 org.springframework.context.support.GenericApplicationContext - Closing org.springframework.context.support.GenericApplicationContext@3c19aaa5: startup date [Thu Nov 12 16:05:02 EST 2015]; root of context hierarchy
INFO main org.springframework.test.context.support.DefaultTestContextBootstrapper - Using TestExecutionListeners: [org.springframework.test.context.web.ServletTestExecutionListener@731a74c, org.springframework.test.context.support.DependencyInjectionTestExecutionListener@369f73a2, org.springframework.test.context.support.DirtiesContextTestExecutionListener@1f28c152]
INFO main org.springframework.context.support.GenericApplicationContext - Refreshing org.springframework.context.support.GenericApplicationContext@50d0686: startup date [Thu Nov 12 16:06:10 EST 2015]; root of context hierarchy
INFO main org.springframework.context.support.PropertySourcesPlaceholderConfigurer - Loading properties file from class path resource [local/env.properties]
INFO main org.springframework.beans.factory.annotation.AutowiredAnnotationBeanPostProcessor - JSR-330 'javax.inject.Inject' annotation found and supported for autowiring
INFO main com.jpmorgan.ib.caonpd.ethereum.enterperise.service.impl.GethHttpServiceImpl - Starting *nix
INFO Thread-0 org.springframework.context.support.GenericApplicationContext - Closing org.springframework.context.support.GenericApplicationContext@50d0686: startup date [Thu Nov 12 16:06:10 EST 2015]; root of context hierarchy
INFO main org.springframework.test.context.support.DefaultTestContextBootstrapper - Using TestExecutionListeners: [org.springframework.test.context.web.ServletTestExecutionListener@731a74c, org.springframework.test.context.support.DependencyInjectionTestExecutionListener@369f73a2, org.springframework.test.context.support.DirtiesContextTestExecutionListener@1f28c152]
INFO main org.springframework.context.support.GenericApplicationContext - Refreshing org.springframework.context.support.GenericApplicationContext@50d0686: startup date [Thu Nov 12 16:06:59 EST 2015]; root of context hierarchy
INFO main org.springframework.context.support.PropertySourcesPlaceholderConfigurer - Loading properties file from class path resource [local/env.properties]
INFO main org.springframework.beans.factory.annotation.AutowiredAnnotationBeanPostProcessor - JSR-330 'javax.inject.Inject' annotation found and supported for autowiring
INFO main com.jpmorgan.ib.caonpd.ethereum.enterperise.service.impl.GethHttpServiceImpl - Starting *nix
INFO Thread-0 org.springframework.context.support.GenericApplicationContext - Closing org.springframework.context.support.GenericApplicationContext@50d0686: startup date [Thu Nov 12 16:06:59 EST 2015]; root of context hierarchy
INFO main org.springframework.test.context.support.DefaultTestContextBootstrapper - Using TestExecutionListeners: [org.springframework.test.context.web.ServletTestExecutionListener@1534f01b, org.springframework.test.context.support.DependencyInjectionTestExecutionListener@78e117e3, org.springframework.test.context.support.DirtiesContextTestExecutionListener@2ea227af]
INFO main org.springframework.context.support.GenericApplicationContext - Refreshing org.springframework.context.support.GenericApplicationContext@3c19aaa5: startup date [Thu Nov 12 16:07:49 EST 2015]; root of context hierarchy
INFO main org.springframework.context.support.PropertySourcesPlaceholderConfigurer - Loading properties file from class path resource [local/env.properties]
INFO main org.springframework.beans.factory.annotation.AutowiredAnnotationBeanPostProcessor - JSR-330 'javax.inject.Inject' annotation found and supported for autowiring
INFO main com.jpmorgan.ib.caonpd.ethereum.enterperise.service.impl.GethHttpServiceImpl - Starting *nix
INFO Thread-0 org.springframework.context.support.GenericApplicationContext - Closing org.springframework.context.support.GenericApplicationContext@3c19aaa5: startup date [Thu Nov 12 16:07:49 EST 2015]; root of context hierarchy
INFO main org.springframework.test.context.support.DefaultTestContextBootstrapper - Using TestExecutionListeners: [org.springframework.test.context.web.ServletTestExecutionListener@2ea227af, org.springframework.test.context.support.DependencyInjectionTestExecutionListener@4386f16, org.springframework.test.context.support.DirtiesContextTestExecutionListener@363ee3a2]
INFO main org.springframework.context.support.GenericApplicationContext - Refreshing org.springframework.context.support.GenericApplicationContext@409bf450: startup date [Thu Nov 12 16:14:15 EST 2015]; root of context hierarchy
INFO main org.springframework.context.support.PropertySourcesPlaceholderConfigurer - Loading properties file from class path resource [local/env.properties]
INFO main org.springframework.beans.factory.annotation.AutowiredAnnotationBeanPostProcessor - JSR-330 'javax.inject.Inject' annotation found and supported for autowiring
INFO main com.jpmorgan.ib.caonpd.ethereum.enterperise.service.impl.GethHttpServiceImpl - Starting *nix
INFO Thread-0 org.springframework.context.support.GenericApplicationContext - Closing org.springframework.context.support.GenericApplicationContext@409bf450: startup date [Thu Nov 12 16:14:15 EST 2015]; root of context hierarchy
INFO main org.springframework.test.context.support.DefaultTestContextBootstrapper - Using TestExecutionListeners: [org.springframework.test.context.web.ServletTestExecutionListener@1f28c152, org.springframework.test.context.support.DependencyInjectionTestExecutionListener@7d907bac, org.springframework.test.context.support.DirtiesContextTestExecutionListener@7791a895]
INFO main org.springframework.context.support.GenericApplicationContext - Refreshing org.springframework.context.support.GenericApplicationContext@1e7c7811: startup date [Thu Nov 12 16:15:36 EST 2015]; root of context hierarchy
INFO main org.springframework.context.support.PropertySourcesPlaceholderConfigurer - Loading properties file from class path resource [local/env.properties]
INFO main org.springframework.beans.factory.annotation.AutowiredAnnotationBeanPostProcessor - JSR-330 'javax.inject.Inject' annotation found and supported for autowiring
INFO main com.jpmorgan.ib.caonpd.ethereum.enterperise.service.impl.GethHttpServiceImpl - Starting *nix
INFO Thread-0 org.springframework.context.support.GenericApplicationContext - Closing org.springframework.context.support.GenericApplicationContext@1e7c7811: startup date [Thu Nov 12 16:15:36 EST 2015]; root of context hierarchy
